# JRE version: OpenJDK Runtime Environment Temurin-21.0.10+7 (21.0.10+7) (build 21.0.10+7-LTS)
# Java VM: OpenJDK 64-Bit Server VM Temurin-21.0.10+7 (21.0.10+7-LTS, mixed mode, sharing, tiered, compressed oops, compressed class ptrs, parallel gc, windows-amd64)
GC Precious Log:
 CardTable entry size: 512
 CPUs: 16 total, 16 available
 Memory: 15610M
 Large Page Support: Disabled
 NUMA Support: Disabled
 Compressed Oops: Enabled (32-bit)
 Alignments: Space 512K, Generation 512K, Heap 2M
 Heap Min Capacity: 100M
 Heap Initial Capacity: 100M
 Heap Max Capacity: 2G
 Pre-touch: Disabled
 Parallel Workers: 13
Heap:
 PSYoungGen      total 6656K, used 3272K [0x00000000d5580000, 0x00000000d5e00000, 0x0000000100000000)
  eden space 5632K, 39% used [0x00000000d5580000,0x00000000d57b21f8,0x00000000d5b00000)
  from space 1024K, 99% used [0x00000000d5c80000,0x00000000d5d7fe90,0x00000000d5d80000)
  to   space 1536K, 0% used [0x00000000d5b00000,0x00000000d5b00000,0x00000000d5c80000)
 ParOldGen       total 956416K, used 956312K [0x0000000080000000, 0x00000000ba600000, 0x00000000d5580000)
  object space 956416K, 99% used [0x0000000080000000,0x00000000ba5e6158,0x00000000ba600000)
 Metaspace       used 78410K, committed 80064K, reserved 1179648K
  class space    used 8090K, committed 8832K, reserved 1048576K
GC Heap History (20 events):
Event: 105.095 GC heap before
{Heap before GC invocations=1749 (full 3):
 PSYoungGen      total 6656K, used 6586K [0x00000000d5580000, 0x00000000d5f80000, 0x0000000100000000)
  eden space 6144K, 100% used [0x00000000d5580000,0x00000000d5b80000,0x00000000d5b80000)
  from space 512K, 86% used [0x00000000d5d80000,0x00000000d5dee900,0x00000000d5e00000)
  to   space 1024K, 0% used [0x00000000d5e80000,0x00000000d5e80000,0x00000000d5f80000)
 ParOldGen       total 949760K, used 949308K [0x0000000080000000, 0x00000000b9f80000, 0x00000000d5580000)
  object space 949760K, 99% used [0x0000000080000000,0x00000000b9f0f0a0,0x00000000b9f80000)
 Metaspace       used 75126K, committed 76864K, reserved 1179648K
  class space    used 7836K, committed 8576K, reserved 1048576K
}
Event: 105.098 GC heap after
{Heap after GC invocations=1749 (full 3):
 PSYoungGen      total 6656K, used 416K [0x00000000d5580000, 0x00000000d5f00000, 0x0000000100000000)
  eden space 6144K, 0% used [0x00000000d5580000,0x00000000d5580000,0x00000000d5b80000)
  from space 512K, 81% used [0x00000000d5e80000,0x00000000d5ee8000,0x00000000d5f00000)
  to   space 512K, 0% used [0x00000000d5d80000,0x00000000d5d80000,0x00000000d5e00000)
 ParOldGen       total 949760K, used 949356K [0x0000000080000000, 0x00000000b9f80000, 0x00000000d5580000)
  object space 949760K, 99% used [0x0000000080000000,0x00000000b9f1b0a0,0x00000000b9f80000)
 Metaspace       used 75126K, committed 76864K, reserved 1179648K
  class space    used 7836K, committed 8576K, reserved 1048576K
}
Event: 105.635 GC heap before
{Heap before GC invocations=1750 (full 3):
 PSYoungGen      total 6656K, used 6460K [0x00000000d5580000, 0x00000000d5f00000, 0x0000000100000000)
  eden space 6144K, 98% used [0x00000000d5580000,0x00000000d5b673c0,0x00000000d5b80000)
  from space 512K, 81% used [0x00000000d5e80000,0x00000000d5ee8000,0x00000000d5f00000)
  to   space 512K, 0% used [0x00000000d5d80000,0x00000000d5d80000,0x00000000d5e00000)
 ParOldGen       total 949760K, used 949356K [0x0000000080000000, 0x00000000b9f80000, 0x00000000d5580000)
  object space 949760K, 99% used [0x0000000080000000,0x00000000b9f1b0a0,0x00000000b9f80000)
 Metaspace       used 75163K, committed 76864K, reserved 1179648K
  class space    used 7837K, committed 8576K, reserved 1048576K
}
Event: 105.641 GC heap after
{Heap after GC invocations=1750 (full 3):
 PSYoungGen      total 6656K, used 496K [0x00000000d5580000, 0x00000000d5f00000, 0x0000000100000000)
  eden space 6144K, 0% used [0x00000000d5580000,0x00000000d5580000,0x00000000d5b80000)
  from space 512K, 96% used [0x00000000d5d80000,0x00000000d5dfc100,0x00000000d5e00000)
  to   space 1024K, 0% used [0x00000000d5e00000,0x00000000d5e00000,0x00000000d5f00000)
 ParOldGen       total 950272K, used 950165K [0x0000000080000000, 0x00000000ba000000, 0x00000000d5580000)
  object space 950272K, 99% used [0x0000000080000000,0x00000000b9fe5720,0x00000000ba000000)
 Metaspace       used 75163K, committed 76864K, reserved 1179648K
  class space    used 7837K, committed 8576K, reserved 1048576K
}
Event: 105.722 GC heap before
{Heap before GC invocations=1751 (full 3):
 PSYoungGen      total 6656K, used 6640K [0x00000000d5580000, 0x00000000d5f00000, 0x0000000100000000)
  eden space 6144K, 100% used [0x00000000d5580000,0x00000000d5b80000,0x00000000d5b80000)
  from space 512K, 96% used [0x00000000d5d80000,0x00000000d5dfc100,0x00000000d5e00000)
  to   space 1024K, 0% used [0x00000000d5e00000,0x00000000d5e00000,0x00000000d5f00000)
 ParOldGen       total 950272K, used 950165K [0x0000000080000000, 0x00000000ba000000, 0x00000000d5580000)
  object space 950272K, 99% used [0x0000000080000000,0x00000000b9fe5720,0x00000000ba000000)
 Metaspace       used 75229K, committed 76928K, reserved 1179648K
  class space    used 7838K, committed 8576K, reserved 1048576K
}
Event: 105.727 GC heap after
{Heap after GC invocations=1751 (full 3):
 PSYoungGen      total 7168K, used 1000K [0x00000000d5580000, 0x00000000d6080000, 0x0000000100000000)
  eden space 6144K, 0% used [0x00000000d5580000,0x00000000d5580000,0x00000000d5b80000)
  from space 1024K, 97% used [0x00000000d5e00000,0x00000000d5efa128,0x00000000d5f00000)
  to   space 2560K, 0% used [0x00000000d5b80000,0x00000000d5b80000,0x00000000d5e00000)
 ParOldGen       total 951296K, used 951138K [0x0000000080000000, 0x00000000ba100000, 0x00000000d5580000)
  object space 951296K, 99% used [0x0000000080000000,0x00000000ba0d89b0,0x00000000ba100000)
 Metaspace       used 75229K, committed 76928K, reserved 1179648K
  class space    used 7838K, committed 8576K, reserved 1048576K
}
Event: 105.782 GC heap before
{Heap before GC invocations=1752 (full 3):
 PSYoungGen      total 7168K, used 7144K [0x00000000d5580000, 0x00000000d6080000, 0x0000000100000000)
  eden space 6144K, 100% used [0x00000000d5580000,0x00000000d5b80000,0x00000000d5b80000)
  from space 1024K, 97% used [0x00000000d5e00000,0x00000000d5efa128,0x00000000d5f00000)
  to   space 2560K, 0% used [0x00000000d5b80000,0x00000000d5b80000,0x00000000d5e00000)
 ParOldGen       total 951296K, used 951138K [0x0000000080000000, 0x00000000ba100000, 0x00000000d5580000)
  object space 951296K, 99% used [0x0000000080000000,0x00000000ba0d89b0,0x00000000ba100000)
 Metaspace       used 75269K, committed 76992K, reserved 1179648K
  class space    used 7839K, committed 8576K, reserved 1048576K
}
Event: 105.785 GC heap after
{Heap after GC invocations=1752 (full 3):
 PSYoungGen      total 7680K, used 1216K [0x00000000d5580000, 0x00000000d5e80000, 0x0000000100000000)
  eden space 6144K, 0% used [0x00000000d5580000,0x00000000d5580000,0x00000000d5b80000)
  from space 1536K, 79% used [0x00000000d5b80000,0x00000000d5cb0000,0x00000000d5d00000)
  to   space 1536K, 0% used [0x00000000d5d00000,0x00000000d5d00000,0x00000000d5e80000)
 ParOldGen       total 952320K, used 952135K [0x0000000080000000, 0x00000000ba200000, 0x00000000d5580000)
  object space 952320K, 99% used [0x0000000080000000,0x00000000ba1d1da8,0x00000000ba200000)
 Metaspace       used 75269K, committed 76992K, reserved 1179648K
  class space    used 7839K, committed 8576K, reserved 1048576K
}
Event: 113.729 GC heap before
{Heap before GC invocations=1753 (full 3):
 PSYoungGen      total 7680K, used 7324K [0x00000000d5580000, 0x00000000d5e80000, 0x0000000100000000)
  eden space 6144K, 99% used [0x00000000d5580000,0x00000000d5b77120,0x00000000d5b80000)
  from space 1536K, 79% used [0x00000000d5b80000,0x00000000d5cb0000,0x00000000d5d00000)
  to   space 1536K, 0% used [0x00000000d5d00000,0x00000000d5d00000,0x00000000d5e80000)
 ParOldGen       total 952320K, used 952135K [0x0000000080000000, 0x00000000ba200000, 0x00000000d5580000)
  object space 952320K, 99% used [0x0000000080000000,0x00000000ba1d1da8,0x00000000ba200000)
 Metaspace       used 76007K, committed 77696K, reserved 1179648K
  class space    used 7902K, committed 8640K, reserved 1048576K
}
Event: 113.731 GC heap after
{Heap after GC invocations=1753 (full 3):
 PSYoungGen      total 6656K, used 429K [0x00000000d5580000, 0x00000000d5d80000, 0x0000000100000000)
  eden space 6144K, 0% used [0x00000000d5580000,0x00000000d5580000,0x00000000d5b80000)
  from space 512K, 83% used [0x00000000d5d00000,0x00000000d5d6b5e0,0x00000000d5d80000)
  to   space 1024K, 0% used [0x00000000d5b80000,0x00000000d5b80000,0x00000000d5c80000)
 ParOldGen       total 952320K, used 952262K [0x0000000080000000, 0x00000000ba200000, 0x00000000d5580000)
  object space 952320K, 99% used [0x0000000080000000,0x00000000ba1f1bd8,0x00000000ba200000)
 Metaspace       used 76007K, committed 77696K, reserved 1179648K
  class space    used 7902K, committed 8640K, reserved 1048576K
}
Event: 113.792 GC heap before
{Heap before GC invocations=1754 (full 3):
 PSYoungGen      total 6656K, used 6573K [0x00000000d5580000, 0x00000000d5d80000, 0x0000000100000000)
  eden space 6144K, 100% used [0x00000000d5580000,0x00000000d5b80000,0x00000000d5b80000)
  from space 512K, 83% used [0x00000000d5d00000,0x00000000d5d6b5e0,0x00000000d5d80000)
  to   space 1024K, 0% used [0x00000000d5b80000,0x00000000d5b80000,0x00000000d5c80000)
 ParOldGen       total 952320K, used 952262K [0x0000000080000000, 0x00000000ba200000, 0x00000000d5580000)
  object space 952320K, 99% used [0x0000000080000000,0x00000000ba1f1bd8,0x00000000ba200000)
 Metaspace       used 76235K, committed 77888K, reserved 1179648K
  class space    used 7915K, committed 8640K, reserved 1048576K
}
Event: 113.795 GC heap after
{Heap after GC invocations=1754 (full 3):
 PSYoungGen      total 7168K, used 1019K [0x00000000d5580000, 0x00000000d5f80000, 0x0000000100000000)
  eden space 6144K, 0% used [0x00000000d5580000,0x00000000d5580000,0x00000000d5b80000)
  from space 1024K, 99% used [0x00000000d5b80000,0x00000000d5c7ee18,0x00000000d5c80000)
  to   space 2048K, 0% used [0x00000000d5d80000,0x00000000d5d80000,0x00000000d5f80000)
 ParOldGen       total 952832K, used 952731K [0x0000000080000000, 0x00000000ba280000, 0x00000000d5580000)
  object space 952832K, 99% used [0x0000000080000000,0x00000000ba266e88,0x00000000ba280000)
 Metaspace       used 76235K, committed 77888K, reserved 1179648K
  class space    used 7915K, committed 8640K, reserved 1048576K
}
Event: 114.972 GC heap before
{Heap before GC invocations=1755 (full 3):
 PSYoungGen      total 7168K, used 7163K [0x00000000d5580000, 0x00000000d5f80000, 0x0000000100000000)
  eden space 6144K, 100% used [0x00000000d5580000,0x00000000d5b80000,0x00000000d5b80000)
  from space 1024K, 99% used [0x00000000d5b80000,0x00000000d5c7ee18,0x00000000d5c80000)
  to   space 2048K, 0% used [0x00000000d5d80000,0x00000000d5d80000,0x00000000d5f80000)
 ParOldGen       total 952832K, used 952731K [0x0000000080000000, 0x00000000ba280000, 0x00000000d5580000)
  object space 952832K, 99% used [0x0000000080000000,0x00000000ba266e88,0x00000000ba280000)
 Metaspace       used 76417K, committed 78080K, reserved 1179648K
  class space    used 7929K, committed 8640K, reserved 1048576K
}
Event: 115.985 GC heap after
{Heap after GC invocations=1755 (full 3):
 PSYoungGen      total 7680K, used 1106K [0x00000000d5580000, 0x00000000d5f00000, 0x0000000100000000)
  eden space 6144K, 0% used [0x00000000d5580000,0x00000000d5580000,0x00000000d5b80000)
  from space 1536K, 72% used [0x00000000d5d80000,0x00000000d5e949b8,0x00000000d5f00000)
  to   space 1536K, 0% used [0x00000000d5c00000,0x00000000d5c00000,0x00000000d5d80000)
 ParOldGen       total 953856K, used 953776K [0x0000000080000000, 0x00000000ba380000, 0x00000000d5580000)
  object space 953856K, 99% used [0x0000000080000000,0x00000000ba36c250,0x00000000ba380000)
 Metaspace       used 76417K, committed 78080K, reserved 1179648K
  class space    used 7929K, committed 8640K, reserved 1048576K
}
Event: 118.135 GC heap before
{Heap before GC invocations=1756 (full 3):
 PSYoungGen      total 7680K, used 7250K [0x00000000d5580000, 0x00000000d5f00000, 0x0000000100000000)
  eden space 6144K, 100% used [0x00000000d5580000,0x00000000d5b80000,0x00000000d5b80000)
  from space 1536K, 72% used [0x00000000d5d80000,0x00000000d5e949b8,0x00000000d5f00000)
  to   space 1536K, 0% used [0x00000000d5c00000,0x00000000d5c00000,0x00000000d5d80000)
 ParOldGen       total 953856K, used 953776K [0x0000000080000000, 0x00000000ba380000, 0x00000000d5580000)
  object space 953856K, 99% used [0x0000000080000000,0x00000000ba36c250,0x00000000ba380000)
 Metaspace       used 77355K, committed 79040K, reserved 1179648K
  class space    used 8009K, committed 8704K, reserved 1048576K
}
Event: 118.138 GC heap after
{Heap after GC invocations=1756 (full 3):
 PSYoungGen      total 7168K, used 768K [0x00000000d5580000, 0x00000000d5e00000, 0x0000000100000000)
  eden space 6144K, 0% used [0x00000000d5580000,0x00000000d5580000,0x00000000d5b80000)
  from space 1024K, 75% used [0x00000000d5c00000,0x00000000d5cc0020,0x00000000d5d00000)
  to   space 1024K, 0% used [0x00000000d5d00000,0x00000000d5d00000,0x00000000d5e00000)
 ParOldGen       total 954880K, used 954809K [0x0000000080000000, 0x00000000ba480000, 0x00000000d5580000)
  object space 954880K, 99% used [0x0000000080000000,0x00000000ba46e670,0x00000000ba480000)
 Metaspace       used 77355K, committed 79040K, reserved 1179648K
  class space    used 8009K, committed 8704K, reserved 1048576K
}
Event: 118.180 GC heap before
{Heap before GC invocations=1757 (full 3):
 PSYoungGen      total 7168K, used 6866K [0x00000000d5580000, 0x00000000d5e00000, 0x0000000100000000)
  eden space 6144K, 99% used [0x00000000d5580000,0x00000000d5b74878,0x00000000d5b80000)
  from space 1024K, 75% used [0x00000000d5c00000,0x00000000d5cc0020,0x00000000d5d00000)
  to   space 1024K, 0% used [0x00000000d5d00000,0x00000000d5d00000,0x00000000d5e00000)
 ParOldGen       total 954880K, used 954809K [0x0000000080000000, 0x00000000ba480000, 0x00000000d5580000)
  object space 954880K, 99% used [0x0000000080000000,0x00000000ba46e670,0x00000000ba480000)
 Metaspace       used 77627K, committed 79296K, reserved 1179648K
  class space    used 8025K, committed 8768K, reserved 1048576K
}
Event: 118.183 GC heap after
{Heap after GC invocations=1757 (full 3):
 PSYoungGen      total 6656K, used 998K [0x00000000d5580000, 0x00000000d5f80000, 0x0000000100000000)
  eden space 5632K, 0% used [0x00000000d5580000,0x00000000d5580000,0x00000000d5b00000)
  from space 1024K, 97% used [0x00000000d5d00000,0x00000000d5df9980,0x00000000d5e00000)
  to   space 2048K, 0% used [0x00000000d5b00000,0x00000000d5b00000,0x00000000d5d00000)
 ParOldGen       total 955392K, used 955312K [0x0000000080000000, 0x00000000ba500000, 0x00000000d5580000)
  object space 955392K, 99% used [0x0000000080000000,0x00000000ba4ec090,0x00000000ba500000)
 Metaspace       used 77627K, committed 79296K, reserved 1179648K
  class space    used 8025K, committed 8768K, reserved 1048576K
}
Event: 119.239 GC heap before
{Heap before GC invocations=1758 (full 3):
 PSYoungGen      total 6656K, used 5921K [0x00000000d5580000, 0x00000000d5f80000, 0x0000000100000000)
  eden space 5632K, 87% used [0x00000000d5580000,0x00000000d5a4ed18,0x00000000d5b00000)
  from space 1024K, 97% used [0x00000000d5d00000,0x00000000d5df9980,0x00000000d5e00000)
  to   space 2048K, 0% used [0x00000000d5b00000,0x00000000d5b00000,0x00000000d5d00000)
 ParOldGen       total 955392K, used 955312K [0x0000000080000000, 0x00000000ba500000, 0x00000000d5580000)
  object space 955392K, 99% used [0x0000000080000000,0x00000000ba4ec090,0x00000000ba500000)
 Metaspace       used 77939K, committed 79616K, reserved 1179648K
  class space    used 8045K, committed 8768K, reserved 1048576K
}
Event: 119.243 GC heap after
{Heap after GC invocations=1758 (full 3):
 PSYoungGen      total 6656K, used 515K [0x00000000d5580000, 0x00000000d5d80000, 0x0000000100000000)
  eden space 5632K, 0% used [0x00000000d5580000,0x00000000d5580000,0x00000000d5b00000)
  from space 1024K, 50% used [0x00000000d5b00000,0x00000000d5b80c80,0x00000000d5c00000)
  to   space 1024K, 0% used [0x00000000d5c80000,0x00000000d5c80000,0x00000000d5d80000)
 ParOldGen       total 956416K, used 956096K [0x0000000080000000, 0x00000000ba600000, 0x00000000d5580000)
  object space 956416K, 99% used [0x0000000080000000,0x00000000ba5b0158,0x00000000ba600000)
 Metaspace       used 77939K, committed 79616K, reserved 1179648K
  class space    used 8045K, committed 8768K, reserved 1048576K
}

