# JRE version: OpenJDK Runtime Environment Temurin-21.0.10+7 (21.0.10+7) (build 21.0.10+7-LTS)
# Java VM: OpenJDK 64-Bit Server VM Temurin-21.0.10+7 (21.0.10+7-LTS, mixed mode, sharing, tiered, compressed oops, compressed class ptrs, parallel gc, windows-amd64)
GC Precious Log:
 CardTable entry size: 512
 CPUs: 16 total, 16 available
 Memory: 15610M
 Large Page Support: Disabled
 NUMA Support: Disabled
 Compressed Oops: Enabled (32-bit)
 Alignments: Space 512K, Generation 512K, Heap 2M
 Heap Min Capacity: 100M
 Heap Initial Capacity: 100M
 Heap Max Capacity: 2G
 Pre-touch: Disabled
 Parallel Workers: 13
Heap:
 PSYoungGen      total 3072K, used 2423K [0x00000000d5580000, 0x00000000d5a80000, 0x0000000100000000)
  eden space 1536K, 86% used [0x00000000d5580000,0x00000000d56cdda8,0x00000000d5700000)
  from space 1536K, 70% used [0x00000000d5700000,0x00000000d5810000,0x00000000d5880000)
  to   space 1536K, 0% used [0x00000000d5900000,0x00000000d5900000,0x00000000d5a80000)
 ParOldGen       total 378368K, used 377900K [0x0000000080000000, 0x0000000097180000, 0x00000000d5580000)
  object space 378368K, 99% used [0x0000000080000000,0x000000009710b2a8,0x0000000097180000)
 Metaspace       used 63845K, committed 65280K, reserved 1114112K
  class space    used 6614K, committed 7296K, reserved 1048576K
GC Heap History (20 events):
Event: 23.100 GC heap before
{Heap before GC invocations=489 (full 4):
 PSYoungGen      total 2048K, used 1811K [0x00000000d5580000, 0x00000000d5880000, 0x0000000100000000)
  eden space 1024K, 100% used [0x00000000d5580000,0x00000000d5680000,0x00000000d5680000)
  from space 1024K, 76% used [0x00000000d5680000,0x00000000d5744fd0,0x00000000d5780000)
  to   space 1024K, 0% used [0x00000000d5780000,0x00000000d5780000,0x00000000d5880000)
 ParOldGen       total 377344K, used 369133K [0x0000000080000000, 0x0000000097080000, 0x00000000d5580000)
  object space 377344K, 97% used [0x0000000080000000,0x000000009687b650,0x0000000097080000)
 Metaspace       used 63324K, committed 64832K, reserved 1114112K
  class space    used 6563K, committed 7232K, reserved 1048576K
}
Event: 23.102 GC heap after
{Heap after GC invocations=489 (full 4):
 PSYoungGen      total 2048K, used 803K [0x00000000d5580000, 0x00000000d5880000, 0x0000000100000000)
  eden space 1024K, 0% used [0x00000000d5580000,0x00000000d5580000,0x00000000d5680000)
  from space 1024K, 78% used [0x00000000d5780000,0x00000000d5848ee8,0x00000000d5880000)
  to   space 1024K, 0% used [0x00000000d5680000,0x00000000d5680000,0x00000000d5780000)
 ParOldGen       total 377344K, used 369757K [0x0000000080000000, 0x0000000097080000, 0x00000000d5580000)
  object space 377344K, 97% used [0x0000000080000000,0x0000000096917618,0x0000000097080000)
 Metaspace       used 63324K, committed 64832K, reserved 1114112K
  class space    used 6563K, committed 7232K, reserved 1048576K
}
Event: 23.114 GC heap before
{Heap before GC invocations=490 (full 4):
 PSYoungGen      total 2048K, used 1827K [0x00000000d5580000, 0x00000000d5880000, 0x0000000100000000)
  eden space 1024K, 99% used [0x00000000d5580000,0x00000000d567ff50,0x00000000d5680000)
  from space 1024K, 78% used [0x00000000d5780000,0x00000000d5848ee8,0x00000000d5880000)
  to   space 1024K, 0% used [0x00000000d5680000,0x00000000d5680000,0x00000000d5780000)
 ParOldGen       total 377344K, used 369757K [0x0000000080000000, 0x0000000097080000, 0x00000000d5580000)
  object space 377344K, 97% used [0x0000000080000000,0x0000000096917618,0x0000000097080000)
 Metaspace       used 63394K, committed 64896K, reserved 1114112K
  class space    used 6568K, committed 7232K, reserved 1048576K
}
Event: 23.116 GC heap after
{Heap after GC invocations=490 (full 4):
 PSYoungGen      total 2048K, used 800K [0x00000000d5580000, 0x00000000d5880000, 0x0000000100000000)
  eden space 1024K, 0% used [0x00000000d5580000,0x00000000d5580000,0x00000000d5680000)
  from space 1024K, 78% used [0x00000000d5680000,0x00000000d5748000,0x00000000d5780000)
  to   space 1024K, 0% used [0x00000000d5780000,0x00000000d5780000,0x00000000d5880000)
 ParOldGen       total 377344K, used 370357K [0x0000000080000000, 0x0000000097080000, 0x00000000d5580000)
  object space 377344K, 98% used [0x0000000080000000,0x00000000969ad4f8,0x0000000097080000)
 Metaspace       used 63394K, committed 64896K, reserved 1114112K
  class space    used 6568K, committed 7232K, reserved 1048576K
}
Event: 23.123 GC heap before
{Heap before GC invocations=491 (full 4):
 PSYoungGen      total 2048K, used 1824K [0x00000000d5580000, 0x00000000d5880000, 0x0000000100000000)
  eden space 1024K, 100% used [0x00000000d5580000,0x00000000d5680000,0x00000000d5680000)
  from space 1024K, 78% used [0x00000000d5680000,0x00000000d5748000,0x00000000d5780000)
  to   space 1024K, 0% used [0x00000000d5780000,0x00000000d5780000,0x00000000d5880000)
 ParOldGen       total 377344K, used 370357K [0x0000000080000000, 0x0000000097080000, 0x00000000d5580000)
  object space 377344K, 98% used [0x0000000080000000,0x00000000969ad4f8,0x0000000097080000)
 Metaspace       used 63433K, committed 64896K, reserved 1114112K
  class space    used 6573K, committed 7232K, reserved 1048576K
}
Event: 23.126 GC heap after
{Heap after GC invocations=491 (full 4):
 PSYoungGen      total 1536K, used 1024K [0x00000000d5580000, 0x00000000d5b00000, 0x0000000100000000)
  eden space 512K, 0% used [0x00000000d5580000,0x00000000d5580000,0x00000000d5600000)
  from space 1024K, 100% used [0x00000000d5780000,0x00000000d5880000,0x00000000d5880000)
  to   space 1536K, 0% used [0x00000000d5600000,0x00000000d5600000,0x00000000d5780000)
 ParOldGen       total 377344K, used 370969K [0x0000000080000000, 0x0000000097080000, 0x00000000d5580000)
  object space 377344K, 98% used [0x0000000080000000,0x0000000096a464a8,0x0000000097080000)
 Metaspace       used 63433K, committed 64896K, reserved 1114112K
  class space    used 6573K, committed 7232K, reserved 1048576K
}
Event: 23.131 GC heap before
{Heap before GC invocations=492 (full 4):
 PSYoungGen      total 1536K, used 1535K [0x00000000d5580000, 0x00000000d5b00000, 0x0000000100000000)
  eden space 512K, 99% used [0x00000000d5580000,0x00000000d55ffff0,0x00000000d5600000)
  from space 1024K, 100% used [0x00000000d5780000,0x00000000d5880000,0x00000000d5880000)
  to   space 1536K, 0% used [0x00000000d5600000,0x00000000d5600000,0x00000000d5780000)
 ParOldGen       total 377344K, used 370969K [0x0000000080000000, 0x0000000097080000, 0x00000000d5580000)
  object space 377344K, 98% used [0x0000000080000000,0x0000000096a464a8,0x0000000097080000)
 Metaspace       used 63468K, committed 64960K, reserved 1114112K
  class space    used 6574K, committed 7232K, reserved 1048576K
}
Event: 23.133 GC heap after
{Heap after GC invocations=492 (full 4):
 PSYoungGen      total 2048K, used 487K [0x00000000d5580000, 0x00000000d5880000, 0x0000000100000000)
  eden space 512K, 0% used [0x00000000d5580000,0x00000000d5580000,0x00000000d5600000)
  from space 1536K, 31% used [0x00000000d5600000,0x00000000d5679fa0,0x00000000d5780000)
  to   space 1024K, 0% used [0x00000000d5780000,0x00000000d5780000,0x00000000d5880000)
 ParOldGen       total 377344K, used 371737K [0x0000000080000000, 0x0000000097080000, 0x00000000d5580000)
  object space 377344K, 98% used [0x0000000080000000,0x0000000096b064a8,0x0000000097080000)
 Metaspace       used 63468K, committed 64960K, reserved 1114112K
  class space    used 6574K, committed 7232K, reserved 1048576K
}
Event: 23.139 GC heap before
{Heap before GC invocations=493 (full 4):
 PSYoungGen      total 2048K, used 998K [0x00000000d5580000, 0x00000000d5880000, 0x0000000100000000)
  eden space 512K, 99% used [0x00000000d5580000,0x00000000d55ffa78,0x00000000d5600000)
  from space 1536K, 31% used [0x00000000d5600000,0x00000000d5679fa0,0x00000000d5780000)
  to   space 1024K, 0% used [0x00000000d5780000,0x00000000d5780000,0x00000000d5880000)
 ParOldGen       total 377344K, used 371737K [0x0000000080000000, 0x0000000097080000, 0x00000000d5580000)
  object space 377344K, 98% used [0x0000000080000000,0x0000000096b064a8,0x0000000097080000)
 Metaspace       used 63498K, committed 64960K, reserved 1114112K
  class space    used 6578K, committed 7232K, reserved 1048576K
}
Event: 23.141 GC heap after
{Heap after GC invocations=493 (full 4):
 PSYoungGen      total 2048K, used 448K [0x00000000d5580000, 0x00000000d5880000, 0x0000000100000000)
  eden space 1024K, 0% used [0x00000000d5580000,0x00000000d5580000,0x00000000d5680000)
  from space 1024K, 43% used [0x00000000d5780000,0x00000000d57f0000,0x00000000d5880000)
  to   space 1024K, 0% used [0x00000000d5680000,0x00000000d5680000,0x00000000d5780000)
 ParOldGen       total 377344K, used 372053K [0x0000000080000000, 0x0000000097080000, 0x00000000d5580000)
  object space 377344K, 98% used [0x0000000080000000,0x0000000096b55680,0x0000000097080000)
 Metaspace       used 63498K, committed 64960K, reserved 1114112K
  class space    used 6578K, committed 7232K, reserved 1048576K
}
Event: 23.152 GC heap before
{Heap before GC invocations=494 (full 4):
 PSYoungGen      total 2048K, used 1466K [0x00000000d5580000, 0x00000000d5880000, 0x0000000100000000)
  eden space 1024K, 99% used [0x00000000d5580000,0x00000000d567ebe8,0x00000000d5680000)
  from space 1024K, 43% used [0x00000000d5780000,0x00000000d57f0000,0x00000000d5880000)
  to   space 1024K, 0% used [0x00000000d5680000,0x00000000d5680000,0x00000000d5780000)
 ParOldGen       total 377344K, used 372053K [0x0000000080000000, 0x0000000097080000, 0x00000000d5580000)
  object space 377344K, 98% used [0x0000000080000000,0x0000000096b55680,0x0000000097080000)
 Metaspace       used 63568K, committed 65024K, reserved 1114112K
  class space    used 6587K, committed 7232K, reserved 1048576K
}
Event: 23.154 GC heap after
{Heap after GC invocations=494 (full 4):
 PSYoungGen      total 2048K, used 903K [0x00000000d5580000, 0x00000000d5900000, 0x0000000100000000)
  eden space 1024K, 0% used [0x00000000d5580000,0x00000000d5580000,0x00000000d5680000)
  from space 1024K, 88% used [0x00000000d5680000,0x00000000d5761f68,0x00000000d5780000)
  to   space 1024K, 0% used [0x00000000d5800000,0x00000000d5800000,0x00000000d5900000)
 ParOldGen       total 377344K, used 372352K [0x0000000080000000, 0x0000000097080000, 0x00000000d5580000)
  object space 377344K, 98% used [0x0000000080000000,0x0000000096ba0120,0x0000000097080000)
 Metaspace       used 63568K, committed 65024K, reserved 1114112K
  class space    used 6587K, committed 7232K, reserved 1048576K
}
Event: 23.168 GC heap before
{Heap before GC invocations=495 (full 4):
 PSYoungGen      total 2048K, used 1919K [0x00000000d5580000, 0x00000000d5900000, 0x0000000100000000)
  eden space 1024K, 99% used [0x00000000d5580000,0x00000000d567e068,0x00000000d5680000)
  from space 1024K, 88% used [0x00000000d5680000,0x00000000d5761f68,0x00000000d5780000)
  to   space 1024K, 0% used [0x00000000d5800000,0x00000000d5800000,0x00000000d5900000)
 ParOldGen       total 377344K, used 372352K [0x0000000080000000, 0x0000000097080000, 0x00000000d5580000)
  object space 377344K, 98% used [0x0000000080000000,0x0000000096ba0120,0x0000000097080000)
 Metaspace       used 63659K, committed 65088K, reserved 1114112K
  class space    used 6593K, committed 7232K, reserved 1048576K
}
Event: 23.171 GC heap after
{Heap after GC invocations=495 (full 4):
 PSYoungGen      total 2560K, used 710K [0x00000000d5580000, 0x00000000d5900000, 0x0000000100000000)
  eden space 1536K, 0% used [0x00000000d5580000,0x00000000d5580000,0x00000000d5700000)
  from space 1024K, 69% used [0x00000000d5800000,0x00000000d58b1990,0x00000000d5900000)
  to   space 1024K, 0% used [0x00000000d5700000,0x00000000d5700000,0x00000000d5800000)
 ParOldGen       total 377344K, used 372974K [0x0000000080000000, 0x0000000097080000, 0x00000000d5580000)
  object space 377344K, 98% used [0x0000000080000000,0x0000000096c3ba98,0x0000000097080000)
 Metaspace       used 63659K, committed 65088K, reserved 1114112K
  class space    used 6593K, committed 7232K, reserved 1048576K
}
Event: 23.183 GC heap before
{Heap before GC invocations=496 (full 4):
 PSYoungGen      total 2560K, used 2184K [0x00000000d5580000, 0x00000000d5900000, 0x0000000100000000)
  eden space 1536K, 95% used [0x00000000d5580000,0x00000000d56f0748,0x00000000d5700000)
  from space 1024K, 69% used [0x00000000d5800000,0x00000000d58b1990,0x00000000d5900000)
  to   space 1024K, 0% used [0x00000000d5700000,0x00000000d5700000,0x00000000d5800000)
 ParOldGen       total 377344K, used 372974K [0x0000000080000000, 0x0000000097080000, 0x00000000d5580000)
  object space 377344K, 98% used [0x0000000080000000,0x0000000096c3ba98,0x0000000097080000)
 Metaspace       used 63760K, committed 65280K, reserved 1114112K
  class space    used 6600K, committed 7296K, reserved 1048576K
}
Event: 23.186 GC heap after
{Heap after GC invocations=496 (full 4):
 PSYoungGen      total 2560K, used 999K [0x00000000d5580000, 0x00000000d5b80000, 0x0000000100000000)
  eden space 1536K, 0% used [0x00000000d5580000,0x00000000d5580000,0x00000000d5700000)
  from space 1024K, 97% used [0x00000000d5700000,0x00000000d57f9d80,0x00000000d5800000)
  to   space 2048K, 0% used [0x00000000d5980000,0x00000000d5980000,0x00000000d5b80000)
 ParOldGen       total 377344K, used 373662K [0x0000000080000000, 0x0000000097080000, 0x00000000d5580000)
  object space 377344K, 99% used [0x0000000080000000,0x0000000096ce7840,0x0000000097080000)
 Metaspace       used 63760K, committed 65280K, reserved 1114112K
  class space    used 6600K, committed 7296K, reserved 1048576K
}
Event: 23.201 GC heap before
{Heap before GC invocations=497 (full 4):
 PSYoungGen      total 2560K, used 2535K [0x00000000d5580000, 0x00000000d5b80000, 0x0000000100000000)
  eden space 1536K, 99% used [0x00000000d5580000,0x00000000d56fffe8,0x00000000d5700000)
  from space 1024K, 97% used [0x00000000d5700000,0x00000000d57f9d80,0x00000000d5800000)
  to   space 2048K, 0% used [0x00000000d5980000,0x00000000d5980000,0x00000000d5b80000)
 ParOldGen       total 377344K, used 373662K [0x0000000080000000, 0x0000000097080000, 0x00000000d5580000)
  object space 377344K, 99% used [0x0000000080000000,0x0000000096ce7840,0x0000000097080000)
 Metaspace       used 63808K, committed 65280K, reserved 1114112K
  class space    used 6609K, committed 7296K, reserved 1048576K
}
Event: 23.203 GC heap after
{Heap after GC invocations=497 (full 4):
 PSYoungGen      total 3072K, used 1344K [0x00000000d5580000, 0x00000000d5b00000, 0x0000000100000000)
  eden space 1536K, 0% used [0x00000000d5580000,0x00000000d5580000,0x00000000d5700000)
  from space 1536K, 87% used [0x00000000d5980000,0x00000000d5ad0000,0x00000000d5b00000)
  to   space 1536K, 0% used [0x00000000d5800000,0x00000000d5800000,0x00000000d5980000)
 ParOldGen       total 377344K, used 374454K [0x0000000080000000, 0x0000000097080000, 0x00000000d5580000)
  object space 377344K, 99% used [0x0000000080000000,0x0000000096dadb08,0x0000000097080000)
 Metaspace       used 63808K, committed 65280K, reserved 1114112K
  class space    used 6609K, committed 7296K, reserved 1048576K
}
Event: 23.224 GC heap before
{Heap before GC invocations=498 (full 4):
 PSYoungGen      total 3072K, used 2875K [0x00000000d5580000, 0x00000000d5b00000, 0x0000000100000000)
  eden space 1536K, 99% used [0x00000000d5580000,0x00000000d56fef40,0x00000000d5700000)
  from space 1536K, 87% used [0x00000000d5980000,0x00000000d5ad0000,0x00000000d5b00000)
  to   space 1536K, 0% used [0x00000000d5800000,0x00000000d5800000,0x00000000d5980000)
 ParOldGen       total 377344K, used 374454K [0x0000000080000000, 0x0000000097080000, 0x00000000d5580000)
  object space 377344K, 99% used [0x0000000080000000,0x0000000096dadb08,0x0000000097080000)
 Metaspace       used 63827K, committed 65280K, reserved 1114112K
  class space    used 6612K, committed 7296K, reserved 1048576K
}
Event: 23.226 GC heap after
{Heap after GC invocations=498 (full 4):
 PSYoungGen      total 3072K, used 1283K [0x00000000d5580000, 0x00000000d5a00000, 0x0000000100000000)
  eden space 1536K, 0% used [0x00000000d5580000,0x00000000d5580000,0x00000000d5700000)
  from space 1536K, 83% used [0x00000000d5800000,0x00000000d5940ee8,0x00000000d5980000)
  to   space 512K, 0% used [0x00000000d5980000,0x00000000d5980000,0x00000000d5a00000)
 ParOldGen       total 377344K, used 375594K [0x0000000080000000, 0x0000000097080000, 0x00000000d5580000)
  object space 377344K, 99% used [0x0000000080000000,0x0000000096ecaaf0,0x0000000097080000)
 Metaspace       used 63827K, committed 65280K, reserved 1114112K
  class space    used 6612K, committed 7296K, reserved 1048576K
}

